c:\aspik_1.7.2\all_sdk\myprojects\diodeclip\win_build\cmake\vst_cmake\vstgui4\vstgui\uidescription\vstgui_uidescription.dir\release\compresseduidescription.obj
c:\aspik_1.7.2\all_sdk\myprojects\diodeclip\win_build\cmake\vst_cmake\vstgui4\vstgui\uidescription\vstgui_uidescription.dir\release\uiviewfactory.obj
c:\aspik_1.7.2\all_sdk\myprojects\diodeclip\win_build\cmake\vst_cmake\vstgui4\vstgui\uidescription\vstgui_uidescription.dir\release\uijsonpersistence.obj
c:\aspik_1.7.2\all_sdk\myprojects\diodeclip\win_build\cmake\vst_cmake\vstgui4\vstgui\uidescription\vstgui_uidescription.dir\release\uiattributescontroller.obj
c:\aspik_1.7.2\all_sdk\myprojects\diodeclip\win_build\cmake\vst_cmake\vstgui4\vstgui\uidescription\vstgui_uidescription.dir\release\uicolorslider.obj
c:\aspik_1.7.2\all_sdk\myprojects\diodeclip\win_build\cmake\vst_cmake\vstgui4\vstgui\uidescription\vstgui_uidescription.dir\release\uieditcontroller.obj
c:\aspik_1.7.2\all_sdk\myprojects\diodeclip\win_build\cmake\vst_cmake\vstgui4\vstgui\uidescription\vstgui_uidescription.dir\release\uigradientscontroller.obj
c:\aspik_1.7.2\all_sdk\myprojects\diodeclip\win_build\cmake\vst_cmake\vstgui4\vstgui\uidescription\vstgui_uidescription.dir\release\uiselection.obj
c:\aspik_1.7.2\all_sdk\myprojects\diodeclip\win_build\cmake\vst_cmake\vstgui4\vstgui\uidescription\vstgui_uidescription.dir\release\uitemplatecontroller.obj
c:\aspik_1.7.2\all_sdk\myprojects\diodeclip\win_build\cmake\vst_cmake\vstgui4\vstgui\uidescription\vstgui_uidescription.dir\release\uiviewcreatecontroller.obj
c:\aspik_1.7.2\all_sdk\myprojects\diodeclip\win_build\cmake\vst_cmake\vstgui4\vstgui\uidescription\vstgui_uidescription.dir\release\controlcreator.obj
c:\aspik_1.7.2\all_sdk\myprojects\diodeclip\win_build\cmake\vst_cmake\vstgui4\vstgui\uidescription\vstgui_uidescription.dir\release\knobcreator.obj
c:\aspik_1.7.2\all_sdk\myprojects\diodeclip\win_build\cmake\vst_cmake\vstgui4\vstgui\uidescription\vstgui_uidescription.dir\release\multibitmapcontrolcreator.obj
c:\aspik_1.7.2\all_sdk\myprojects\diodeclip\win_build\cmake\vst_cmake\vstgui4\vstgui\uidescription\vstgui_uidescription.dir\release\optionmenucreator.obj
c:\aspik_1.7.2\all_sdk\myprojects\diodeclip\win_build\cmake\vst_cmake\vstgui4\vstgui\uidescription\vstgui_uidescription.dir\release\scrollviewcreator.obj
c:\aspik_1.7.2\all_sdk\myprojects\diodeclip\win_build\cmake\vst_cmake\vstgui4\vstgui\uidescription\vstgui_uidescription.dir\release\sliderviewcreator.obj
c:\aspik_1.7.2\all_sdk\myprojects\diodeclip\win_build\cmake\vst_cmake\vstgui4\vstgui\uidescription\vstgui_uidescription.dir\release\textbuttoncreator.obj
c:\aspik_1.7.2\all_sdk\myprojects\diodeclip\win_build\cmake\vst_cmake\vstgui4\vstgui\uidescription\vstgui_uidescription.dir\release\viewcontainercreator.obj
c:\aspik_1.7.2\all_sdk\myprojects\diodeclip\win_build\cmake\vst_cmake\vstgui4\vstgui\uidescription\vstgui_uidescription.dir\release\uicontentprovider.obj
c:\aspik_1.7.2\all_sdk\myprojects\diodeclip\win_build\cmake\vst_cmake\vstgui4\vstgui\uidescription\vstgui_uidescription.dir\release\uidescription.obj
c:\aspik_1.7.2\all_sdk\myprojects\diodeclip\win_build\cmake\vst_cmake\vstgui4\vstgui\uidescription\vstgui_uidescription.dir\release\uinode.obj
c:\aspik_1.7.2\all_sdk\myprojects\diodeclip\win_build\cmake\vst_cmake\vstgui4\vstgui\uidescription\vstgui_uidescription.dir\release\uibitmapscontroller.obj
c:\aspik_1.7.2\all_sdk\myprojects\diodeclip\win_build\cmake\vst_cmake\vstgui4\vstgui\uidescription\vstgui_uidescription.dir\release\uicrosslines.obj
c:\aspik_1.7.2\all_sdk\myprojects\diodeclip\win_build\cmake\vst_cmake\vstgui4\vstgui\uidescription\vstgui_uidescription.dir\release\uieditmenucontroller.obj
c:\aspik_1.7.2\all_sdk\myprojects\diodeclip\win_build\cmake\vst_cmake\vstgui4\vstgui\uidescription\vstgui_uidescription.dir\release\uigridcontroller.obj
c:\aspik_1.7.2\all_sdk\myprojects\diodeclip\win_build\cmake\vst_cmake\vstgui4\vstgui\uidescription\vstgui_uidescription.dir\release\uiundomanager.obj
c:\aspik_1.7.2\all_sdk\myprojects\diodeclip\win_build\cmake\vst_cmake\vstgui4\vstgui\uidescription\vstgui_uidescription.dir\release\animationsplashscreencreator.obj
c:\aspik_1.7.2\all_sdk\myprojects\diodeclip\win_build\cmake\vst_cmake\vstgui4\vstgui\uidescription\vstgui_uidescription.dir\release\gradientviewcreator.obj
c:\aspik_1.7.2\all_sdk\myprojects\diodeclip\win_build\cmake\vst_cmake\vstgui4\vstgui\uidescription\vstgui_uidescription.dir\release\moviebitmapcreator.obj
c:\aspik_1.7.2\all_sdk\myprojects\diodeclip\win_build\cmake\vst_cmake\vstgui4\vstgui\uidescription\vstgui_uidescription.dir\release\paramdisplaycreator.obj
c:\aspik_1.7.2\all_sdk\myprojects\diodeclip\win_build\cmake\vst_cmake\vstgui4\vstgui\uidescription\vstgui_uidescription.dir\release\searchtexteditcreator.obj
c:\aspik_1.7.2\all_sdk\myprojects\diodeclip\win_build\cmake\vst_cmake\vstgui4\vstgui\uidescription\vstgui_uidescription.dir\release\splitviewcreator.obj
c:\aspik_1.7.2\all_sdk\myprojects\diodeclip\win_build\cmake\vst_cmake\vstgui4\vstgui\uidescription\vstgui_uidescription.dir\release\textlabelcreator.obj
c:\aspik_1.7.2\all_sdk\myprojects\diodeclip\win_build\cmake\vst_cmake\vstgui4\vstgui\uidescription\vstgui_uidescription.dir\release\vumetercreator.obj
c:\aspik_1.7.2\all_sdk\myprojects\diodeclip\win_build\cmake\vst_cmake\vstgui4\vstgui\uidescription\vstgui_uidescription.dir\release\uiattributes.obj
c:\aspik_1.7.2\all_sdk\myprojects\diodeclip\win_build\cmake\vst_cmake\vstgui4\vstgui\uidescription\vstgui_uidescription.dir\release\uiviewswitchcontainer.obj
c:\aspik_1.7.2\all_sdk\myprojects\diodeclip\win_build\cmake\vst_cmake\vstgui4\vstgui\uidescription\vstgui_uidescription.dir\release\xmlparser.obj
c:\aspik_1.7.2\all_sdk\myprojects\diodeclip\win_build\cmake\vst_cmake\vstgui4\vstgui\uidescription\vstgui_uidescription.dir\release\uixmlpersistence.obj
c:\aspik_1.7.2\all_sdk\myprojects\diodeclip\win_build\cmake\vst_cmake\vstgui4\vstgui\uidescription\vstgui_uidescription.dir\release\uicolor.obj
c:\aspik_1.7.2\all_sdk\myprojects\diodeclip\win_build\cmake\vst_cmake\vstgui4\vstgui\uidescription\vstgui_uidescription.dir\release\uicolorscontroller.obj
c:\aspik_1.7.2\all_sdk\myprojects\diodeclip\win_build\cmake\vst_cmake\vstgui4\vstgui\uidescription\vstgui_uidescription.dir\release\uieditview.obj
c:\aspik_1.7.2\all_sdk\myprojects\diodeclip\win_build\cmake\vst_cmake\vstgui4\vstgui\uidescription\vstgui_uidescription.dir\release\uifocussettingscontroller.obj
c:\aspik_1.7.2\all_sdk\myprojects\diodeclip\win_build\cmake\vst_cmake\vstgui4\vstgui\uidescription\vstgui_uidescription.dir\release\uioverlayview.obj
c:\aspik_1.7.2\all_sdk\myprojects\diodeclip\win_build\cmake\vst_cmake\vstgui4\vstgui\uidescription\vstgui_uidescription.dir\release\uitemplatesettingscontroller.obj
c:\aspik_1.7.2\all_sdk\myprojects\diodeclip\win_build\cmake\vst_cmake\vstgui4\vstgui\uidescription\vstgui_uidescription.dir\release\checkboxcreator.obj
c:\aspik_1.7.2\all_sdk\myprojects\diodeclip\win_build\cmake\vst_cmake\vstgui4\vstgui\uidescription\vstgui_uidescription.dir\release\layeredviewcontainercreator.obj
c:\aspik_1.7.2\all_sdk\myprojects\diodeclip\win_build\cmake\vst_cmake\vstgui4\vstgui\uidescription\vstgui_uidescription.dir\release\multilinetextlabelcreator.obj
c:\aspik_1.7.2\all_sdk\myprojects\diodeclip\win_build\cmake\vst_cmake\vstgui4\vstgui\uidescription\vstgui_uidescription.dir\release\rockerswitchcreator.obj
c:\aspik_1.7.2\all_sdk\myprojects\diodeclip\win_build\cmake\vst_cmake\vstgui4\vstgui\uidescription\vstgui_uidescription.dir\release\segmentbuttoncreator.obj
c:\aspik_1.7.2\all_sdk\myprojects\diodeclip\win_build\cmake\vst_cmake\vstgui4\vstgui\uidescription\vstgui_uidescription.dir\release\stringlistcontrolcreator.obj
c:\aspik_1.7.2\all_sdk\myprojects\diodeclip\win_build\cmake\vst_cmake\vstgui4\vstgui\uidescription\vstgui_uidescription.dir\release\texteditcreator.obj
c:\aspik_1.7.2\all_sdk\myprojects\diodeclip\win_build\cmake\vst_cmake\vstgui4\vstgui\uidescription\vstgui_uidescription.dir\release\viewcreator.obj
c:\aspik_1.7.2\all_sdk\myprojects\diodeclip\win_build\cmake\vst_cmake\vstgui4\vstgui\uidescription\vstgui_uidescription.dir\release\cstream.obj
c:\aspik_1.7.2\all_sdk\myprojects\diodeclip\win_build\cmake\vst_cmake\vstgui4\vstgui\uidescription\vstgui_uidescription.dir\release\uiviewcreator.obj
c:\aspik_1.7.2\all_sdk\myprojects\diodeclip\win_build\cmake\vst_cmake\vstgui4\vstgui\uidescription\vstgui_uidescription.dir\release\uidesclist.obj
c:\aspik_1.7.2\all_sdk\myprojects\diodeclip\win_build\cmake\vst_cmake\vstgui4\vstgui\uidescription\vstgui_uidescription.dir\release\uiactions.obj
c:\aspik_1.7.2\all_sdk\myprojects\diodeclip\win_build\cmake\vst_cmake\vstgui4\vstgui\uidescription\vstgui_uidescription.dir\release\uicolorchoosercontroller.obj
c:\aspik_1.7.2\all_sdk\myprojects\diodeclip\win_build\cmake\vst_cmake\vstgui4\vstgui\uidescription\vstgui_uidescription.dir\release\uidialogcontroller.obj
c:\aspik_1.7.2\all_sdk\myprojects\diodeclip\win_build\cmake\vst_cmake\vstgui4\vstgui\uidescription\vstgui_uidescription.dir\release\uifontscontroller.obj
c:\aspik_1.7.2\all_sdk\myprojects\diodeclip\win_build\cmake\vst_cmake\vstgui4\vstgui\uidescription\vstgui_uidescription.dir\release\uitagscontroller.obj
c:\aspik_1.7.2\all_sdk\myprojects\diodeclip\win_build\cmake\vst_cmake\vstgui4\vstgui\uidescription\vstgui_uidescription.dir\release\animknobcreator.obj
c:\aspik_1.7.2\all_sdk\myprojects\diodeclip\win_build\cmake\vst_cmake\vstgui4\vstgui\uidescription\vstgui_uidescription.dir\release\kickbuttoncreator.obj
c:\aspik_1.7.2\all_sdk\myprojects\diodeclip\win_build\cmake\vst_cmake\vstgui4\vstgui\uidescription\vstgui_uidescription.dir\release\moviebuttoncreator.obj
c:\aspik_1.7.2\all_sdk\myprojects\diodeclip\win_build\cmake\vst_cmake\vstgui4\vstgui\uidescription\vstgui_uidescription.dir\release\onoffbuttoncreator.obj
c:\aspik_1.7.2\all_sdk\myprojects\diodeclip\win_build\cmake\vst_cmake\vstgui4\vstgui\uidescription\vstgui_uidescription.dir\release\rowcolumnviewcreator.obj
c:\aspik_1.7.2\all_sdk\myprojects\diodeclip\win_build\cmake\vst_cmake\vstgui4\vstgui\uidescription\vstgui_uidescription.dir\release\shadowviewcontainercreator.obj
c:\aspik_1.7.2\all_sdk\myprojects\diodeclip\win_build\cmake\vst_cmake\vstgui4\vstgui\uidescription\vstgui_uidescription.dir\release\switchcreators.obj
c:\aspik_1.7.2\all_sdk\myprojects\diodeclip\win_build\cmake\vst_cmake\vstgui4\vstgui\uidescription\vstgui_uidescription.dir\release\uiviewswitchcontainercreator.obj
c:\aspik_1.7.2\all_sdk\myprojects\diodeclip\win_build\cmake\vst_cmake\vstgui4\vstgui\uidescription\vstgui_uidescription.dir\release\xypadcreator.obj
c:\aspik_1.7.2\all_sdk\myprojects\diodeclip\win_build\cmake\vst_cmake\vstgui4\vstgui\uidescription\vstgui_uidescription.dir\release\vstgui_uidescription.pdb
c:\aspik_1.7.2\all_sdk\myprojects\diodeclip\win_build\cmake\vst_cmake\vstgui4\vstgui\uidescription\cmakefiles\generate.stamp
c:\aspik_1.7.2\all_sdk\myprojects\diodeclip\win_build\lib\release\vstgui_uidescription.lib
c:\aspik_1.7.2\all_sdk\myprojects\diodeclip\win_build\cmake\vst_cmake\vstgui4\vstgui\uidescription\vstgui_uidescription.dir\release\vstgui_u.b26c62d7.tlog\cl.3640.write.1.tlog
c:\aspik_1.7.2\all_sdk\myprojects\diodeclip\win_build\cmake\vst_cmake\vstgui4\vstgui\uidescription\vstgui_uidescription.dir\release\vstgui_u.b26c62d7.tlog\cl.command.1.tlog
c:\aspik_1.7.2\all_sdk\myprojects\diodeclip\win_build\cmake\vst_cmake\vstgui4\vstgui\uidescription\vstgui_uidescription.dir\release\vstgui_u.b26c62d7.tlog\cl.read.1.tlog
c:\aspik_1.7.2\all_sdk\myprojects\diodeclip\win_build\cmake\vst_cmake\vstgui4\vstgui\uidescription\vstgui_uidescription.dir\release\vstgui_u.b26c62d7.tlog\custombuild.command.1.tlog
c:\aspik_1.7.2\all_sdk\myprojects\diodeclip\win_build\cmake\vst_cmake\vstgui4\vstgui\uidescription\vstgui_uidescription.dir\release\vstgui_u.b26c62d7.tlog\custombuild.read.1.tlog
c:\aspik_1.7.2\all_sdk\myprojects\diodeclip\win_build\cmake\vst_cmake\vstgui4\vstgui\uidescription\vstgui_uidescription.dir\release\vstgui_u.b26c62d7.tlog\custombuild.write.1.tlog
c:\aspik_1.7.2\all_sdk\myprojects\diodeclip\win_build\cmake\vst_cmake\vstgui4\vstgui\uidescription\vstgui_uidescription.dir\release\vstgui_u.b26c62d7.tlog\lib-link.read.1.tlog
c:\aspik_1.7.2\all_sdk\myprojects\diodeclip\win_build\cmake\vst_cmake\vstgui4\vstgui\uidescription\vstgui_uidescription.dir\release\vstgui_u.b26c62d7.tlog\lib-link.write.1.tlog
c:\aspik_1.7.2\all_sdk\myprojects\diodeclip\win_build\cmake\vst_cmake\vstgui4\vstgui\uidescription\vstgui_uidescription.dir\release\vstgui_u.b26c62d7.tlog\lib.command.1.tlog
