c:\aspik_1.7.2\all_sdk\myprojects\diodeclip\win_build\cmake\vst_cmake\public.sdk\sdk.dir\release\vstrepresentation.obj
c:\aspik_1.7.2\all_sdk\myprojects\diodeclip\win_build\cmake\vst_cmake\public.sdk\sdk.dir\release\vstparameters.obj
c:\aspik_1.7.2\all_sdk\myprojects\diodeclip\win_build\cmake\vst_cmake\public.sdk\sdk.dir\release\vstnoteexpressiontypes.obj
c:\aspik_1.7.2\all_sdk\myprojects\diodeclip\win_build\cmake\vst_cmake\public.sdk\sdk.dir\release\vstinitiids.obj
c:\aspik_1.7.2\all_sdk\myprojects\diodeclip\win_build\cmake\vst_cmake\public.sdk\sdk.dir\release\vsteditcontroller.obj
c:\aspik_1.7.2\all_sdk\myprojects\diodeclip\win_build\cmake\vst_cmake\public.sdk\sdk.dir\release\vstcomponentbase.obj
c:\aspik_1.7.2\all_sdk\myprojects\diodeclip\win_build\cmake\vst_cmake\public.sdk\sdk.dir\release\vstcomponent.obj
c:\aspik_1.7.2\all_sdk\myprojects\diodeclip\win_build\cmake\vst_cmake\public.sdk\sdk.dir\release\vstbus.obj
c:\aspik_1.7.2\all_sdk\myprojects\diodeclip\win_build\cmake\vst_cmake\public.sdk\sdk.dir\release\vstaudioeffect.obj
c:\aspik_1.7.2\all_sdk\myprojects\diodeclip\win_build\cmake\vst_cmake\public.sdk\sdk.dir\release\vst2persistence.obj
c:\aspik_1.7.2\all_sdk\myprojects\diodeclip\win_build\cmake\vst_cmake\public.sdk\sdk.dir\release\stringconvert.obj
c:\aspik_1.7.2\all_sdk\myprojects\diodeclip\win_build\cmake\vst_cmake\public.sdk\sdk.dir\release\moduleinit.obj
c:\aspik_1.7.2\all_sdk\myprojects\diodeclip\win_build\cmake\vst_cmake\public.sdk\sdk.dir\release\pluginfactory.obj
c:\aspik_1.7.2\all_sdk\myprojects\diodeclip\win_build\cmake\vst_cmake\public.sdk\sdk.dir\release\pluginview.obj
c:\aspik_1.7.2\all_sdk\myprojects\diodeclip\win_build\cmake\vst_cmake\public.sdk\cmakefiles\generate.stamp
c:\aspik_1.7.2\all_sdk\myprojects\diodeclip\win_build\lib\release\sdk.lib
c:\aspik_1.7.2\all_sdk\myprojects\diodeclip\win_build\cmake\vst_cmake\public.sdk\sdk.dir\release\sdk.tlog\cl.command.1.tlog
c:\aspik_1.7.2\all_sdk\myprojects\diodeclip\win_build\cmake\vst_cmake\public.sdk\sdk.dir\release\sdk.tlog\cl.read.1.tlog
c:\aspik_1.7.2\all_sdk\myprojects\diodeclip\win_build\cmake\vst_cmake\public.sdk\sdk.dir\release\sdk.tlog\cl.write.1.tlog
c:\aspik_1.7.2\all_sdk\myprojects\diodeclip\win_build\cmake\vst_cmake\public.sdk\sdk.dir\release\sdk.tlog\custombuild.command.1.tlog
c:\aspik_1.7.2\all_sdk\myprojects\diodeclip\win_build\cmake\vst_cmake\public.sdk\sdk.dir\release\sdk.tlog\custombuild.read.1.tlog
c:\aspik_1.7.2\all_sdk\myprojects\diodeclip\win_build\cmake\vst_cmake\public.sdk\sdk.dir\release\sdk.tlog\custombuild.write.1.tlog
c:\aspik_1.7.2\all_sdk\myprojects\diodeclip\win_build\cmake\vst_cmake\public.sdk\sdk.dir\release\sdk.tlog\lib-link.read.1.tlog
c:\aspik_1.7.2\all_sdk\myprojects\diodeclip\win_build\cmake\vst_cmake\public.sdk\sdk.dir\release\sdk.tlog\lib-link.write.1.tlog
c:\aspik_1.7.2\all_sdk\myprojects\diodeclip\win_build\cmake\vst_cmake\public.sdk\sdk.dir\release\sdk.tlog\lib.command.1.tlog
