c:\aspik_1.7.2\all_sdk\myprojects\diodeclip\win_build\cmake\vst_cmake\public.sdk\sdk_hosting.dir\release\vstinitiids.obj
c:\aspik_1.7.2\all_sdk\myprojects\diodeclip\win_build\cmake\vst_cmake\public.sdk\sdk_hosting.dir\release\stringconvert.obj
c:\aspik_1.7.2\all_sdk\myprojects\diodeclip\win_build\cmake\vst_cmake\public.sdk\sdk_hosting.dir\release\processdata.obj
c:\aspik_1.7.2\all_sdk\myprojects\diodeclip\win_build\cmake\vst_cmake\public.sdk\sdk_hosting.dir\release\pluginterfacesupport.obj
c:\aspik_1.7.2\all_sdk\myprojects\diodeclip\win_build\cmake\vst_cmake\public.sdk\sdk_hosting.dir\release\parameterchanges.obj
c:\aspik_1.7.2\all_sdk\myprojects\diodeclip\win_build\cmake\vst_cmake\public.sdk\sdk_hosting.dir\release\module.obj
c:\aspik_1.7.2\all_sdk\myprojects\diodeclip\win_build\cmake\vst_cmake\public.sdk\sdk_hosting.dir\release\hostclasses.obj
c:\aspik_1.7.2\all_sdk\myprojects\diodeclip\win_build\cmake\vst_cmake\public.sdk\sdk_hosting.dir\release\eventlist.obj
c:\aspik_1.7.2\all_sdk\myprojects\diodeclip\win_build\cmake\vst_cmake\public.sdk\sdk_hosting.dir\release\connectionproxy.obj
c:\aspik_1.7.2\all_sdk\myprojects\diodeclip\win_build\cmake\vst_cmake\public.sdk\cmakefiles\generate.stamp
c:\aspik_1.7.2\all_sdk\myprojects\diodeclip\win_build\lib\release\sdk_hosting.lib
c:\aspik_1.7.2\all_sdk\myprojects\diodeclip\win_build\cmake\vst_cmake\public.sdk\sdk_hosting.dir\release\sdk_hosting.tlog\cl.command.1.tlog
c:\aspik_1.7.2\all_sdk\myprojects\diodeclip\win_build\cmake\vst_cmake\public.sdk\sdk_hosting.dir\release\sdk_hosting.tlog\cl.read.1.tlog
c:\aspik_1.7.2\all_sdk\myprojects\diodeclip\win_build\cmake\vst_cmake\public.sdk\sdk_hosting.dir\release\sdk_hosting.tlog\cl.write.1.tlog
c:\aspik_1.7.2\all_sdk\myprojects\diodeclip\win_build\cmake\vst_cmake\public.sdk\sdk_hosting.dir\release\sdk_hosting.tlog\custombuild.command.1.tlog
c:\aspik_1.7.2\all_sdk\myprojects\diodeclip\win_build\cmake\vst_cmake\public.sdk\sdk_hosting.dir\release\sdk_hosting.tlog\custombuild.read.1.tlog
c:\aspik_1.7.2\all_sdk\myprojects\diodeclip\win_build\cmake\vst_cmake\public.sdk\sdk_hosting.dir\release\sdk_hosting.tlog\custombuild.write.1.tlog
c:\aspik_1.7.2\all_sdk\myprojects\diodeclip\win_build\cmake\vst_cmake\public.sdk\sdk_hosting.dir\release\sdk_hosting.tlog\lib-link.read.1.tlog
c:\aspik_1.7.2\all_sdk\myprojects\diodeclip\win_build\cmake\vst_cmake\public.sdk\sdk_hosting.dir\release\sdk_hosting.tlog\lib-link.write.1.tlog
c:\aspik_1.7.2\all_sdk\myprojects\diodeclip\win_build\cmake\vst_cmake\public.sdk\sdk_hosting.dir\release\sdk_hosting.tlog\lib.command.1.tlog
