  Building Custom Rule C:/ASPiK_1.7.2/ALL_SDK/myprojects/vstgui4/vstgui/lib/CMakeLists.txt
  animations.cpp
  animator.cpp
  timingfunctions.cpp
  cbitmap.cpp
  cbitmapfilter.cpp
  ccolor.cpp
  cdatabrowser.cpp
  cdrawcontext.cpp
  cdrawmethods.cpp
  cdropsource.cpp
  cfileselector.cpp
  cfont.cpp
  cframe.cpp
  cgradientview.cpp
  cgraphicspath.cpp
  clayeredviewcontainer.cpp
  clinestyle.cpp
  coffscreencontext.cpp
  cautoanimation.cpp
  cbuttons.cpp
  ccolorchooser.cpp
  ccontrol.cpp
  cfontchooser.cpp
  cknob.cpp
  clistcontrol.cpp
  cmoviebitmap.cpp
  cmoviebutton.cpp
  coptionmenu.cpp
  cparamdisplay.cpp
  cscrollbar.cpp
  csearchtextedit.cpp
  csegmentbutton.cpp
  cslider.cpp
  cspecialdigit.cpp
  csplashscreen.cpp
  cstringlist.cpp
  cswitch.cpp
  ctextedit.cpp
  ctextlabel.cpp
  cvumeter.cpp
  cxypad.cpp
  copenglview.cpp
  cpoint.cpp
  crect.cpp
  crowcolumnview.cpp
  cscrollview.cpp
  cshadowviewcontainer.cpp
  csplitview.cpp
  cstring.cpp
  ctabview.cpp
  ctooltipsupport.cpp
  cview.cpp
  cviewcontainer.cpp
  cvstguitimer.cpp
C:\ASPiK_1.7.2\ALL_SDK\myprojects\vstgui4\vstgui\lib\cview.cpp(1010): warning C4996: 'VSTGUI::Animation::Animator::addAnimation': was declared deprecated
  c:\aspik_1.7.2\all_sdk\myprojects\vstgui4\vstgui\lib\animation/animator.h(26): note: see declaration of 'VSTGUI::Animation::Animator::addAnimation'
  genericstringlistdatabrowsersource.cpp
  pixelbuffer.cpp
  platformfactory.cpp
  fileresourceinputstream.cpp
  genericoptionmenu.cpp
  generictextedit.cpp
  vstguidebug.cpp
  vstguiinit.cpp
  d2dbitmap.cpp
  d2ddrawcontext.cpp
  d2dfont.cpp
  d2dgraphicspath.cpp
  win32datapackage.cpp
  win32dragging.cpp
  win32factory.cpp
  win32frame.cpp
  win32openglview.cpp
  win32optionmenu.cpp
  win32resourcestream.cpp
  win32support.cpp
  win32textedit.cpp
  winfileselector.cpp
  winstring.cpp
  wintimer.cpp
  vstgui.vcxproj -> C:\ASPiK_1.7.2\ALL_SDK\myprojects\DiodeClip\win_build\lib\Release\vstgui.lib
