c:\aspik_1.7.2\all_sdk\myprojects\diodeclip\win_build\cmake\vst_cmake\vstgui4\vstgui\lib\vstgui.dir\release\timingfunctions.obj
c:\aspik_1.7.2\all_sdk\myprojects\diodeclip\win_build\cmake\vst_cmake\vstgui4\vstgui\lib\vstgui.dir\release\cdatabrowser.obj
c:\aspik_1.7.2\all_sdk\myprojects\diodeclip\win_build\cmake\vst_cmake\vstgui4\vstgui\lib\vstgui.dir\release\cfileselector.obj
c:\aspik_1.7.2\all_sdk\myprojects\diodeclip\win_build\cmake\vst_cmake\vstgui4\vstgui\lib\vstgui.dir\release\cgraphicspath.obj
c:\aspik_1.7.2\all_sdk\myprojects\diodeclip\win_build\cmake\vst_cmake\vstgui4\vstgui\lib\vstgui.dir\release\cautoanimation.obj
c:\aspik_1.7.2\all_sdk\myprojects\diodeclip\win_build\cmake\vst_cmake\vstgui4\vstgui\lib\vstgui.dir\release\cfontchooser.obj
c:\aspik_1.7.2\all_sdk\myprojects\diodeclip\win_build\cmake\vst_cmake\vstgui4\vstgui\lib\vstgui.dir\release\cmoviebutton.obj
c:\aspik_1.7.2\all_sdk\myprojects\diodeclip\win_build\cmake\vst_cmake\vstgui4\vstgui\lib\vstgui.dir\release\csearchtextedit.obj
c:\aspik_1.7.2\all_sdk\myprojects\diodeclip\win_build\cmake\vst_cmake\vstgui4\vstgui\lib\vstgui.dir\release\cstringlist.obj
c:\aspik_1.7.2\all_sdk\myprojects\diodeclip\win_build\cmake\vst_cmake\vstgui4\vstgui\lib\vstgui.dir\release\cvumeter.obj
c:\aspik_1.7.2\all_sdk\myprojects\diodeclip\win_build\cmake\vst_cmake\vstgui4\vstgui\lib\vstgui.dir\release\crect.obj
c:\aspik_1.7.2\all_sdk\myprojects\diodeclip\win_build\cmake\vst_cmake\vstgui4\vstgui\lib\vstgui.dir\release\csplitview.obj
c:\aspik_1.7.2\all_sdk\myprojects\diodeclip\win_build\cmake\vst_cmake\vstgui4\vstgui\lib\vstgui.dir\release\cview.obj
c:\aspik_1.7.2\all_sdk\myprojects\diodeclip\win_build\cmake\vst_cmake\vstgui4\vstgui\lib\vstgui.dir\release\platformfactory.obj
c:\aspik_1.7.2\all_sdk\myprojects\diodeclip\win_build\cmake\vst_cmake\vstgui4\vstgui\lib\vstgui.dir\release\vstguiinit.obj
c:\aspik_1.7.2\all_sdk\myprojects\diodeclip\win_build\cmake\vst_cmake\vstgui4\vstgui\lib\vstgui.dir\release\d2dfont.obj
c:\aspik_1.7.2\all_sdk\myprojects\diodeclip\win_build\cmake\vst_cmake\vstgui4\vstgui\lib\vstgui.dir\release\win32factory.obj
c:\aspik_1.7.2\all_sdk\myprojects\diodeclip\win_build\cmake\vst_cmake\vstgui4\vstgui\lib\vstgui.dir\release\win32optionmenu.obj
c:\aspik_1.7.2\all_sdk\myprojects\diodeclip\win_build\cmake\vst_cmake\vstgui4\vstgui\lib\vstgui.dir\release\winfileselector.obj
c:\aspik_1.7.2\all_sdk\myprojects\diodeclip\win_build\cmake\vst_cmake\vstgui4\vstgui\lib\vstgui.dir\release\animator.obj
c:\aspik_1.7.2\all_sdk\myprojects\diodeclip\win_build\cmake\vst_cmake\vstgui4\vstgui\lib\vstgui.dir\release\ccolor.obj
c:\aspik_1.7.2\all_sdk\myprojects\diodeclip\win_build\cmake\vst_cmake\vstgui4\vstgui\lib\vstgui.dir\release\cdrawmethods.obj
c:\aspik_1.7.2\all_sdk\myprojects\diodeclip\win_build\cmake\vst_cmake\vstgui4\vstgui\lib\vstgui.dir\release\cframe.obj
c:\aspik_1.7.2\all_sdk\myprojects\diodeclip\win_build\cmake\vst_cmake\vstgui4\vstgui\lib\vstgui.dir\release\coffscreencontext.obj
c:\aspik_1.7.2\all_sdk\myprojects\diodeclip\win_build\cmake\vst_cmake\vstgui4\vstgui\lib\vstgui.dir\release\ccontrol.obj
c:\aspik_1.7.2\all_sdk\myprojects\diodeclip\win_build\cmake\vst_cmake\vstgui4\vstgui\lib\vstgui.dir\release\cknob.obj
c:\aspik_1.7.2\all_sdk\myprojects\diodeclip\win_build\cmake\vst_cmake\vstgui4\vstgui\lib\vstgui.dir\release\coptionmenu.obj
c:\aspik_1.7.2\all_sdk\myprojects\diodeclip\win_build\cmake\vst_cmake\vstgui4\vstgui\lib\vstgui.dir\release\cslider.obj
c:\aspik_1.7.2\all_sdk\myprojects\diodeclip\win_build\cmake\vst_cmake\vstgui4\vstgui\lib\vstgui.dir\release\ctextedit.obj
c:\aspik_1.7.2\all_sdk\myprojects\diodeclip\win_build\cmake\vst_cmake\vstgui4\vstgui\lib\vstgui.dir\release\copenglview.obj
c:\aspik_1.7.2\all_sdk\myprojects\diodeclip\win_build\cmake\vst_cmake\vstgui4\vstgui\lib\vstgui.dir\release\cscrollview.obj
c:\aspik_1.7.2\all_sdk\myprojects\diodeclip\win_build\cmake\vst_cmake\vstgui4\vstgui\lib\vstgui.dir\release\ctabview.obj
c:\aspik_1.7.2\all_sdk\myprojects\diodeclip\win_build\cmake\vst_cmake\vstgui4\vstgui\lib\vstgui.dir\release\cvstguitimer.obj
c:\aspik_1.7.2\all_sdk\myprojects\diodeclip\win_build\cmake\vst_cmake\vstgui4\vstgui\lib\vstgui.dir\release\pixelbuffer.obj
c:\aspik_1.7.2\all_sdk\myprojects\diodeclip\win_build\cmake\vst_cmake\vstgui4\vstgui\lib\vstgui.dir\release\fileresourceinputstream.obj
c:\aspik_1.7.2\all_sdk\myprojects\diodeclip\win_build\cmake\vst_cmake\vstgui4\vstgui\lib\vstgui.dir\release\vstguidebug.obj
c:\aspik_1.7.2\all_sdk\myprojects\diodeclip\win_build\cmake\vst_cmake\vstgui4\vstgui\lib\vstgui.dir\release\d2ddrawcontext.obj
c:\aspik_1.7.2\all_sdk\myprojects\diodeclip\win_build\cmake\vst_cmake\vstgui4\vstgui\lib\vstgui.dir\release\win32datapackage.obj
c:\aspik_1.7.2\all_sdk\myprojects\diodeclip\win_build\cmake\vst_cmake\vstgui4\vstgui\lib\vstgui.dir\release\win32frame.obj
c:\aspik_1.7.2\all_sdk\myprojects\diodeclip\win_build\cmake\vst_cmake\vstgui4\vstgui\lib\vstgui.dir\release\win32textedit.obj
c:\aspik_1.7.2\all_sdk\myprojects\diodeclip\win_build\cmake\vst_cmake\vstgui4\vstgui\lib\vstgui.dir\release\wintimer.obj
c:\aspik_1.7.2\all_sdk\myprojects\diodeclip\win_build\cmake\vst_cmake\vstgui4\vstgui\lib\vstgui.dir\release\cbitmap.obj
c:\aspik_1.7.2\all_sdk\myprojects\diodeclip\win_build\cmake\vst_cmake\vstgui4\vstgui\lib\vstgui.dir\release\cdrawcontext.obj
c:\aspik_1.7.2\all_sdk\myprojects\diodeclip\win_build\cmake\vst_cmake\vstgui4\vstgui\lib\vstgui.dir\release\cgradientview.obj
c:\aspik_1.7.2\all_sdk\myprojects\diodeclip\win_build\cmake\vst_cmake\vstgui4\vstgui\lib\vstgui.dir\release\clinestyle.obj
c:\aspik_1.7.2\all_sdk\myprojects\diodeclip\win_build\cmake\vst_cmake\vstgui4\vstgui\lib\vstgui.dir\release\ccolorchooser.obj
c:\aspik_1.7.2\all_sdk\myprojects\diodeclip\win_build\cmake\vst_cmake\vstgui4\vstgui\lib\vstgui.dir\release\cmoviebitmap.obj
c:\aspik_1.7.2\all_sdk\myprojects\diodeclip\win_build\cmake\vst_cmake\vstgui4\vstgui\lib\vstgui.dir\release\cscrollbar.obj
c:\aspik_1.7.2\all_sdk\myprojects\diodeclip\win_build\cmake\vst_cmake\vstgui4\vstgui\lib\vstgui.dir\release\cspecialdigit.obj
c:\aspik_1.7.2\all_sdk\myprojects\diodeclip\win_build\cmake\vst_cmake\vstgui4\vstgui\lib\vstgui.dir\release\cswitch.obj
c:\aspik_1.7.2\all_sdk\myprojects\diodeclip\win_build\cmake\vst_cmake\vstgui4\vstgui\lib\vstgui.dir\release\cxypad.obj
c:\aspik_1.7.2\all_sdk\myprojects\diodeclip\win_build\cmake\vst_cmake\vstgui4\vstgui\lib\vstgui.dir\release\crowcolumnview.obj
c:\aspik_1.7.2\all_sdk\myprojects\diodeclip\win_build\cmake\vst_cmake\vstgui4\vstgui\lib\vstgui.dir\release\cstring.obj
c:\aspik_1.7.2\all_sdk\myprojects\diodeclip\win_build\cmake\vst_cmake\vstgui4\vstgui\lib\vstgui.dir\release\cviewcontainer.obj
c:\aspik_1.7.2\all_sdk\myprojects\diodeclip\win_build\cmake\vst_cmake\vstgui4\vstgui\lib\vstgui.dir\release\generictextedit.obj
c:\aspik_1.7.2\all_sdk\myprojects\diodeclip\win_build\cmake\vst_cmake\vstgui4\vstgui\lib\vstgui.dir\release\d2dgraphicspath.obj
c:\aspik_1.7.2\all_sdk\myprojects\diodeclip\win_build\cmake\vst_cmake\vstgui4\vstgui\lib\vstgui.dir\release\win32resourcestream.obj
c:\aspik_1.7.2\all_sdk\myprojects\diodeclip\win_build\cmake\vst_cmake\vstgui4\vstgui\lib\vstgui.dir\release\animations.obj
c:\aspik_1.7.2\all_sdk\myprojects\diodeclip\win_build\cmake\vst_cmake\vstgui4\vstgui\lib\vstgui.dir\release\cbitmapfilter.obj
c:\aspik_1.7.2\all_sdk\myprojects\diodeclip\win_build\cmake\vst_cmake\vstgui4\vstgui\lib\vstgui.dir\release\cdropsource.obj
c:\aspik_1.7.2\all_sdk\myprojects\diodeclip\win_build\cmake\vst_cmake\vstgui4\vstgui\lib\vstgui.dir\release\cfont.obj
c:\aspik_1.7.2\all_sdk\myprojects\diodeclip\win_build\cmake\vst_cmake\vstgui4\vstgui\lib\vstgui.dir\release\clayeredviewcontainer.obj
c:\aspik_1.7.2\all_sdk\myprojects\diodeclip\win_build\cmake\vst_cmake\vstgui4\vstgui\lib\vstgui.dir\release\cbuttons.obj
c:\aspik_1.7.2\all_sdk\myprojects\diodeclip\win_build\cmake\vst_cmake\vstgui4\vstgui\lib\vstgui.dir\release\clistcontrol.obj
c:\aspik_1.7.2\all_sdk\myprojects\diodeclip\win_build\cmake\vst_cmake\vstgui4\vstgui\lib\vstgui.dir\release\cparamdisplay.obj
c:\aspik_1.7.2\all_sdk\myprojects\diodeclip\win_build\cmake\vst_cmake\vstgui4\vstgui\lib\vstgui.dir\release\csegmentbutton.obj
c:\aspik_1.7.2\all_sdk\myprojects\diodeclip\win_build\cmake\vst_cmake\vstgui4\vstgui\lib\vstgui.dir\release\csplashscreen.obj
c:\aspik_1.7.2\all_sdk\myprojects\diodeclip\win_build\cmake\vst_cmake\vstgui4\vstgui\lib\vstgui.dir\release\ctextlabel.obj
c:\aspik_1.7.2\all_sdk\myprojects\diodeclip\win_build\cmake\vst_cmake\vstgui4\vstgui\lib\vstgui.dir\release\cpoint.obj
c:\aspik_1.7.2\all_sdk\myprojects\diodeclip\win_build\cmake\vst_cmake\vstgui4\vstgui\lib\vstgui.dir\release\cshadowviewcontainer.obj
c:\aspik_1.7.2\all_sdk\myprojects\diodeclip\win_build\cmake\vst_cmake\vstgui4\vstgui\lib\vstgui.dir\release\ctooltipsupport.obj
c:\aspik_1.7.2\all_sdk\myprojects\diodeclip\win_build\cmake\vst_cmake\vstgui4\vstgui\lib\vstgui.dir\release\genericstringlistdatabrowsersource.obj
c:\aspik_1.7.2\all_sdk\myprojects\diodeclip\win_build\cmake\vst_cmake\vstgui4\vstgui\lib\vstgui.dir\release\genericoptionmenu.obj
c:\aspik_1.7.2\all_sdk\myprojects\diodeclip\win_build\cmake\vst_cmake\vstgui4\vstgui\lib\vstgui.dir\release\d2dbitmap.obj
c:\aspik_1.7.2\all_sdk\myprojects\diodeclip\win_build\cmake\vst_cmake\vstgui4\vstgui\lib\vstgui.dir\release\win32dragging.obj
c:\aspik_1.7.2\all_sdk\myprojects\diodeclip\win_build\cmake\vst_cmake\vstgui4\vstgui\lib\vstgui.dir\release\win32openglview.obj
c:\aspik_1.7.2\all_sdk\myprojects\diodeclip\win_build\cmake\vst_cmake\vstgui4\vstgui\lib\vstgui.dir\release\win32support.obj
c:\aspik_1.7.2\all_sdk\myprojects\diodeclip\win_build\cmake\vst_cmake\vstgui4\vstgui\lib\vstgui.dir\release\winstring.obj
c:\aspik_1.7.2\all_sdk\myprojects\diodeclip\win_build\cmake\vst_cmake\vstgui4\vstgui\lib\vstgui.dir\release\vstgui.pdb
c:\aspik_1.7.2\all_sdk\myprojects\diodeclip\win_build\cmake\vst_cmake\vstgui4\vstgui\lib\cmakefiles\generate.stamp
c:\aspik_1.7.2\all_sdk\myprojects\diodeclip\win_build\lib\release\vstgui.lib
c:\aspik_1.7.2\all_sdk\myprojects\diodeclip\win_build\cmake\vst_cmake\vstgui4\vstgui\lib\vstgui.dir\release\vstgui.tlog\cl.4108.write.1.tlog
c:\aspik_1.7.2\all_sdk\myprojects\diodeclip\win_build\cmake\vst_cmake\vstgui4\vstgui\lib\vstgui.dir\release\vstgui.tlog\cl.command.1.tlog
c:\aspik_1.7.2\all_sdk\myprojects\diodeclip\win_build\cmake\vst_cmake\vstgui4\vstgui\lib\vstgui.dir\release\vstgui.tlog\cl.read.1.tlog
c:\aspik_1.7.2\all_sdk\myprojects\diodeclip\win_build\cmake\vst_cmake\vstgui4\vstgui\lib\vstgui.dir\release\vstgui.tlog\custombuild.command.1.tlog
c:\aspik_1.7.2\all_sdk\myprojects\diodeclip\win_build\cmake\vst_cmake\vstgui4\vstgui\lib\vstgui.dir\release\vstgui.tlog\custombuild.read.1.tlog
c:\aspik_1.7.2\all_sdk\myprojects\diodeclip\win_build\cmake\vst_cmake\vstgui4\vstgui\lib\vstgui.dir\release\vstgui.tlog\custombuild.write.1.tlog
c:\aspik_1.7.2\all_sdk\myprojects\diodeclip\win_build\cmake\vst_cmake\vstgui4\vstgui\lib\vstgui.dir\release\vstgui.tlog\lib-link.read.1.tlog
c:\aspik_1.7.2\all_sdk\myprojects\diodeclip\win_build\cmake\vst_cmake\vstgui4\vstgui\lib\vstgui.dir\release\vstgui.tlog\lib-link.write.1.tlog
c:\aspik_1.7.2\all_sdk\myprojects\diodeclip\win_build\cmake\vst_cmake\vstgui4\vstgui\lib\vstgui.dir\release\vstgui.tlog\lib.command.1.tlog
