c:\aspik_1.7.2\all_sdk\myprojects\diodeclip\win_build\cmake\vst_cmake\base\base.dir\release\flock.obj
c:\aspik_1.7.2\all_sdk\myprojects\diodeclip\win_build\cmake\vst_cmake\base\base.dir\release\fcondition.obj
c:\aspik_1.7.2\all_sdk\myprojects\diodeclip\win_build\cmake\vst_cmake\base\base.dir\release\updatehandler.obj
c:\aspik_1.7.2\all_sdk\myprojects\diodeclip\win_build\cmake\vst_cmake\base\base.dir\release\timer.obj
c:\aspik_1.7.2\all_sdk\myprojects\diodeclip\win_build\cmake\vst_cmake\base\base.dir\release\fstring.obj
c:\aspik_1.7.2\all_sdk\myprojects\diodeclip\win_build\cmake\vst_cmake\base\base.dir\release\fstreamer.obj
c:\aspik_1.7.2\all_sdk\myprojects\diodeclip\win_build\cmake\vst_cmake\base\base.dir\release\fobject.obj
c:\aspik_1.7.2\all_sdk\myprojects\diodeclip\win_build\cmake\vst_cmake\base\base.dir\release\fdynlib.obj
c:\aspik_1.7.2\all_sdk\myprojects\diodeclip\win_build\cmake\vst_cmake\base\base.dir\release\fdebug.obj
c:\aspik_1.7.2\all_sdk\myprojects\diodeclip\win_build\cmake\vst_cmake\base\base.dir\release\fbuffer.obj
c:\aspik_1.7.2\all_sdk\myprojects\diodeclip\win_build\cmake\vst_cmake\base\base.dir\release\baseiids.obj
c:\aspik_1.7.2\all_sdk\myprojects\diodeclip\win_build\cmake\vst_cmake\base\cmakefiles\generate.stamp
c:\aspik_1.7.2\all_sdk\myprojects\diodeclip\win_build\lib\release\base.lib
c:\aspik_1.7.2\all_sdk\myprojects\diodeclip\win_build\cmake\vst_cmake\base\base.dir\release\base.tlog\cl.command.1.tlog
c:\aspik_1.7.2\all_sdk\myprojects\diodeclip\win_build\cmake\vst_cmake\base\base.dir\release\base.tlog\cl.read.1.tlog
c:\aspik_1.7.2\all_sdk\myprojects\diodeclip\win_build\cmake\vst_cmake\base\base.dir\release\base.tlog\cl.write.1.tlog
c:\aspik_1.7.2\all_sdk\myprojects\diodeclip\win_build\cmake\vst_cmake\base\base.dir\release\base.tlog\custombuild.command.1.tlog
c:\aspik_1.7.2\all_sdk\myprojects\diodeclip\win_build\cmake\vst_cmake\base\base.dir\release\base.tlog\custombuild.read.1.tlog
c:\aspik_1.7.2\all_sdk\myprojects\diodeclip\win_build\cmake\vst_cmake\base\base.dir\release\base.tlog\custombuild.write.1.tlog
c:\aspik_1.7.2\all_sdk\myprojects\diodeclip\win_build\cmake\vst_cmake\base\base.dir\release\base.tlog\lib-link.read.1.tlog
c:\aspik_1.7.2\all_sdk\myprojects\diodeclip\win_build\cmake\vst_cmake\base\base.dir\release\base.tlog\lib-link.write.1.tlog
c:\aspik_1.7.2\all_sdk\myprojects\diodeclip\win_build\cmake\vst_cmake\base\base.dir\release\base.tlog\lib.command.1.tlog
