  plugincore.cpp
c:\aspik_1.7.2\all_sdk\myprojects\diodeclip\project_source\source\pluginkernel\pluginstructures.h(1089): warning C4267: 'return': conversion from 'size_t' to 'uint32_t', possible loss of data
c:\aspik_1.7.2\all_sdk\myprojects\diodeclip\project_source\source\pluginobjects\iir/Common.h(50): warning C4005: '_CRT_SECURE_NO_WARNINGS': macro redefinition
  C:\ASPiK_1.7.2\ALL_SDK\myprojects\DiodeClip\project_source\source\PluginKernel\plugincore.cpp: note: see previous definition of '_CRT_SECURE_NO_WARNINGS'
C:\ASPiK_1.7.2\ALL_SDK\myprojects\DiodeClip\project_source\source\PluginKernel\plugincore.cpp(459): warning C4244: '=': conversion from 'double' to 'float', possible loss of data
  [SMTG] Copied ../../resources/PluginGUI.uidesc to C:/ASPiK_1.7.2/ALL_SDK/myprojects/DiodeClip/win_build/VST3/Release/DiodeClip_VST.vst3/Contents/Resources
     Creating library C:/ASPiK_1.7.2/ALL_SDK/myprojects/DiodeClip/win_build/lib/Release/DiodeClip_VST.lib and object C:/ASPiK_1.7.2/ALL_SDK/myprojects/DiodeClip/win_build/lib/Release/DiodeClip_VST.exp
  DiodeClip_VST.vcxproj -> C:\ASPiK_1.7.2\ALL_SDK\myprojects\DiodeClip\win_build\VST3\Release\DiodeClip_VST.vst3\Contents\x86_64-win\DiodeClip_VST.vst3
  [SMTG] Copy PlugIn.ico and desktop.ini and change their attributes.		[SMTG] Copy PlugIn.ico and desktop.ini and change their attributes.
  [SMTG] Validator started...
  * Loading module...
  
  	C:/ASPiK_1.7.2/ALL_SDK/myprojects/DiodeClip/win_build/VST3/Release/DiodeClip_VST.vst3/Contents/x86_64-win/DiodeClip_VST.vst3
  
  * Scanning classes...
  
    Factory Info:
  	vendor = modb
  	url = www.modb.com
  	email = modb@myplugins.com
  
    Class Info 0:
  	name = DiodeClip
  	category = Audio Module Class
  	subCategories = Fx
  	version = 1.0.0.001
  	sdkVersion = VST 3.7.2
  	cid = A64C5E8D85E63F74A8F498FABDFCA4CA
  
  * Checking snapshots...
  
  Info: No snapshots in Bundle.
  
  * Creating tests...
  
  * Running tests...
  
  -------------------------------------------------------------
  TestSuite : DiodeClip
  -------------------------------------------------------------
  
  -------------------------------------------------------------
  TestSuite : General Tests
  -------------------------------------------------------------
  
  [Scan Editor Classes]
  Info:  ===Scan Editor Classes ====================================
  Info:  Processor and edit controller united.
  [Succeeded]
  
  [Scan Buses]
  Info:  ===Scan Buses ====================================
  Info:  => Audio Buses: [1 In(s) => 1 Out(s)]
  Info:       In [0]: "Stereo Input" (Main-Default Active) 
  Info:       Out[0]: "Stereo Output" (Main-Default Active) 
  Info:  => Event Buses: [1 In(s) => 0 Out(s)]
  Info:       In [0]: "Event Input" (Main-Default Active) 
  [Succeeded]
  
  [Scan Parameters]
  Info:  ===Scan Parameters ====================================
  Info:  This component exports 140 parameter(s)
  Info:     Parameter 000 (id=0): [title="input gain"] [unit="DECIBELS"] [type = F, default = 0.500000, unit = 0]
  Info:     Parameter 001 (id=1): [title="output gain"] [unit="DECIBELS"] [type = F, default = 0.500000, unit = 0]
  Info:     Parameter 002 (id=2): [title="resistance"] [unit="OHMS"] [type = F, default = 0.425970, unit = 0]
  Info:     Parameter 003 (id=3): [title="ALPHA"] [unit=""] [type = F, default = 0.230769, unit = 0]
  Info:     Parameter 004 (id=4): [title="capacitor"] [unit="NANO FARADS"] [type = F, default = 0.841718, unit = 0]
  Info:     Parameter 005 (id=5): [title="saturationcurrent"] [unit="NANO AMPS"] [type = F, default = 0.428517, unit = 0]
  Info:     Parameter 006 (id=6): [title="thermalvoltage"] [unit="AMPS"] [type = F, default = 0.000000, unit = 0]
  Info:     Parameter 007 (id=10): [title="oversampling"] [unit="x"] [type = F, default = 0.200000, unit = 0]
  Info:     Parameter 008 (id=131077): [title="Scale GUI"] [unit=""] [type = D, default = 0.000000, unit = 0]
  Info:     Parameter 009 (id=1000): [title="midiCC_0"] [unit=""] [type = F, default = 0.000000, unit = 0]
  Info:     Parameter 010 (id=1001): [title="midiCC_1"] [unit=""] [type = F, default = 0.000000, unit = 0]
  Info:     Parameter 011 (id=1002): [title="midiCC_2"] [unit=""] [type = F, default = 0.000000, unit = 0]
  Info:     Parameter 012 (id=1003): [title="midiCC_3"] [unit=""] [type = F, default = 0.000000, unit = 0]
  Info:     Parameter 013 (id=1004): [title="midiCC_4"] [unit=""] [type = F, default = 0.000000, unit = 0]
  Info:     Parameter 014 (id=1005): [title="midiCC_5"] [unit=""] [type = F, default = 0.000000, unit = 0]
  Info:     Parameter 015 (id=1006): [title="midiCC_6"] [unit=""] [type = F, default = 0.000000, unit = 0]
  Info:     Parameter 016 (id=1007): [title="midiCC_7"] [unit=""] [type = F, default = 1.000000, unit = 0]
  Info:     Parameter 017 (id=1008): [title="midiCC_8"] [unit=""] [type = F, default = 0.000000, unit = 0]
  Info:     Parameter 018 (id=1009): [title="midiCC_9"] [unit=""] [type = F, default = 0.000000, unit = 0]
  Info:     Parameter 019 (id=1010): [title="midiCC_10"] [unit=""] [type = F, default = 0.000000, unit = 0]
  Info:     Parameter 020 (id=1011): [title="midiCC_11"] [unit=""] [type = F, default = 0.000000, unit = 0]
  Info:     Parameter 021 (id=1012): [title="midiCC_12"] [unit=""] [type = F, default = 0.000000, unit = 0]
  Info:     Parameter 022 (id=1013): [title="midiCC_13"] [unit=""] [type = F, default = 0.000000, unit = 0]
  Info:     Parameter 023 (id=1014): [title="midiCC_14"] [unit=""] [type = F, default = 0.000000, unit = 0]
  Info:     Parameter 024 (id=1015): [title="midiCC_15"] [unit=""] [type = F, default = 0.000000, unit = 0]
  Info:     Parameter 025 (id=1016): [title="midiCC_16"] [unit=""] [type = F, default = 0.000000, unit = 0]
  Info:     Parameter 026 (id=1017): [title="midiCC_17"] [unit=""] [type = F, default = 0.000000, unit = 0]
  Info:     Parameter 027 (id=1018): [title="midiCC_18"] [unit=""] [type = F, default = 0.000000, unit = 0]
  Info:     Parameter 028 (id=1019): [title="midiCC_19"] [unit=""] [type = F, default = 0.000000, unit = 0]
  Info:     Parameter 029 (id=1020): [title="midiCC_20"] [unit=""] [type = F, default = 0.000000, unit = 0]
  Info:     Parameter 030 (id=1021): [title="midiCC_21"] [unit=""] [type = F, default = 0.000000, unit = 0]
  Info:     Parameter 031 (id=1022): [title="midiCC_22"] [unit=""] [type = F, default = 0.000000, unit = 0]
  Info:     Parameter 032 (id=1023): [title="midiCC_23"] [unit=""] [type = F, default = 0.000000, unit = 0]
  Info:     Parameter 033 (id=1024): [title="midiCC_24"] [unit=""] [type = F, default = 0.000000, unit = 0]
  Info:     Parameter 034 (id=1025): [title="midiCC_25"] [unit=""] [type = F, default = 0.000000, unit = 0]
  Info:     Parameter 035 (id=1026): [title="midiCC_26"] [unit=""] [type = F, default = 0.000000, unit = 0]
  Info:     Parameter 036 (id=1027): [title="midiCC_27"] [unit=""] [type = F, default = 0.000000, unit = 0]
  Info:     Parameter 037 (id=1028): [title="midiCC_28"] [unit=""] [type = F, default = 0.000000, unit = 0]
  Info:     Parameter 038 (id=1029): [title="midiCC_29"] [unit=""] [type = F, default = 0.000000, unit = 0]
  Info:     Parameter 039 (id=1030): [title="midiCC_30"] [unit=""] [type = F, default = 0.000000, unit = 0]
  Info:     Parameter 040 (id=1031): [title="midiCC_31"] [unit=""] [type = F, default = 0.000000, unit = 0]
  Info:     Parameter 041 (id=1032): [title="midiCC_32"] [unit=""] [type = F, default = 0.000000, unit = 0]
  Info:     Parameter 042 (id=1033): [title="midiCC_33"] [unit=""] [type = F, default = 0.000000, unit = 0]
  Info:     Parameter 043 (id=1034): [title="midiCC_34"] [unit=""] [type = F, default = 0.000000, unit = 0]
  Info:     Parameter 044 (id=1035): [title="midiCC_35"] [unit=""] [type = F, default = 0.000000, unit = 0]
  Info:     Parameter 045 (id=1036): [title="midiCC_36"] [unit=""] [type = F, default = 0.000000, unit = 0]
  Info:     Parameter 046 (id=1037): [title="midiCC_37"] [unit=""] [type = F, default = 0.000000, unit = 0]
  Info:     Parameter 047 (id=1038): [title="midiCC_38"] [unit=""] [type = F, default = 0.000000, unit = 0]
  Info:     Parameter 048 (id=1039): [title="midiCC_39"] [unit=""] [type = F, default = 0.000000, unit = 0]
  Info:     Parameter 049 (id=1040): [title="midiCC_40"] [unit=""] [type = F, default = 0.000000, unit = 0]
  Info:     Parameter 050 (id=1041): [title="midiCC_41"] [unit=""] [type = F, default = 0.000000, unit = 0]
  Info:     Parameter 051 (id=1042): [title="midiCC_42"] [unit=""] [type = F, default = 0.000000, unit = 0]
  Info:     Parameter 052 (id=1043): [title="midiCC_43"] [unit=""] [type = F, default = 0.000000, unit = 0]
  Info:     Parameter 053 (id=1044): [title="midiCC_44"] [unit=""] [type = F, default = 0.000000, unit = 0]
  Info:     Parameter 054 (id=1045): [title="midiCC_45"] [unit=""] [type = F, default = 0.000000, unit = 0]
  Info:     Parameter 055 (id=1046): [title="midiCC_46"] [unit=""] [type = F, default = 0.000000, unit = 0]
  Info:     Parameter 056 (id=1047): [title="midiCC_47"] [unit=""] [type = F, default = 0.000000, unit = 0]
  Info:     Parameter 057 (id=1048): [title="midiCC_48"] [unit=""] [type = F, default = 0.000000, unit = 0]
  Info:     Parameter 058 (id=1049): [title="midiCC_49"] [unit=""] [type = F, default = 0.000000, unit = 0]
  Info:     Parameter 059 (id=1050): [title="midiCC_50"] [unit=""] [type = F, default = 0.000000, unit = 0]
  Info:     Parameter 060 (id=1051): [title="midiCC_51"] [unit=""] [type = F, default = 0.000000, unit = 0]
  Info:     Parameter 061 (id=1052): [title="midiCC_52"] [unit=""] [type = F, default = 0.000000, unit = 0]
  Info:     Parameter 062 (id=1053): [title="midiCC_53"] [unit=""] [type = F, default = 0.000000, unit = 0]
  Info:     Parameter 063 (id=1054): [title="midiCC_54"] [unit=""] [type = F, default = 0.000000, unit = 0]
  Info:     Parameter 064 (id=1055): [title="midiCC_55"] [unit=""] [type = F, default = 0.000000, unit = 0]
  Info:     Parameter 065 (id=1056): [title="midiCC_56"] [unit=""] [type = F, default = 0.000000, unit = 0]
  Info:     Parameter 066 (id=1057): [title="midiCC_57"] [unit=""] [type = F, default = 0.000000, unit = 0]
  Info:     Parameter 067 (id=1058): [title="midiCC_58"] [unit=""] [type = F, default = 0.000000, unit = 0]
  Info:     Parameter 068 (id=1059): [title="midiCC_59"] [unit=""] [type = F, default = 0.000000, unit = 0]
  Info:     Parameter 069 (id=1060): [title="midiCC_60"] [unit=""] [type = F, default = 0.000000, unit = 0]
  Info:     Parameter 070 (id=1061): [title="midiCC_61"] [unit=""] [type = F, default = 0.000000, unit = 0]
  Info:     Parameter 071 (id=1062): [title="midiCC_62"] [unit=""] [type = F, default = 0.000000, unit = 0]
  Info:     Parameter 072 (id=1063): [title="midiCC_63"] [unit=""] [type = F, default = 0.000000, unit = 0]
  Info:     Parameter 073 (id=1064): [title="midiCC_64"] [unit=""] [type = F, default = 0.000000, unit = 0]
  Info:     Parameter 074 (id=1065): [title="midiCC_65"] [unit=""] [type = F, default = 0.000000, unit = 0]
  Info:     Parameter 075 (id=1066): [title="midiCC_66"] [unit=""] [type = F, default = 0.000000, unit = 0]
  Info:     Parameter 076 (id=1067): [title="midiCC_67"] [unit=""] [type = F, default = 0.000000, unit = 0]
  Info:     Parameter 077 (id=1068): [title="midiCC_68"] [unit=""] [type = F, default = 0.000000, unit = 0]
  Info:     Parameter 078 (id=1069): [title="midiCC_69"] [unit=""] [type = F, default = 0.000000, unit = 0]
  Info:     Parameter 079 (id=1070): [title="midiCC_70"] [unit=""] [type = F, default = 0.000000, unit = 0]
  Info:     Parameter 080 (id=1071): [title="midiCC_71"] [unit=""] [type = F, default = 0.000000, unit = 0]
  Info:     Parameter 081 (id=1072): [title="midiCC_72"] [unit=""] [type = F, default = 0.000000, unit = 0]
  Info:     Parameter 082 (id=1073): [title="midiCC_73"] [unit=""] [type = F, default = 0.000000, unit = 0]
  Info:     Parameter 083 (id=1074): [title="midiCC_74"] [unit=""] [type = F, default = 0.000000, unit = 0]
  Info:     Parameter 084 (id=1075): [title="midiCC_75"] [unit=""] [type = F, default = 0.000000, unit = 0]
  Info:     Parameter 085 (id=1076): [title="midiCC_76"] [unit=""] [type = F, default = 0.000000, unit = 0]
  Info:     Parameter 086 (id=1077): [title="midiCC_77"] [unit=""] [type = F, default = 0.000000, unit = 0]
  Info:     Parameter 087 (id=1078): [title="midiCC_78"] [unit=""] [type = F, default = 0.000000, unit = 0]
  Info:     Parameter 088 (id=1079): [title="midiCC_79"] [unit=""] [type = F, default = 0.000000, unit = 0]
  Info:     Parameter 089 (id=1080): [title="midiCC_80"] [unit=""] [type = F, default = 0.000000, unit = 0]
  Info:     Parameter 090 (id=1081): [title="midiCC_81"] [unit=""] [type = F, default = 0.000000, unit = 0]
  Info:     Parameter 091 (id=1082): [title="midiCC_82"] [unit=""] [type = F, default = 0.000000, unit = 0]
  Info:     Parameter 092 (id=1083): [title="midiCC_83"] [unit=""] [type = F, default = 0.000000, unit = 0]
  Info:     Parameter 093 (id=1084): [title="midiCC_84"] [unit=""] [type = F, default = 0.000000, unit = 0]
  Info:     Parameter 094 (id=1085): [title="midiCC_85"] [unit=""] [type = F, default = 0.000000, unit = 0]
  Info:     Parameter 095 (id=1086): [title="midiCC_86"] [unit=""] [type = F, default = 0.000000, unit = 0]
  Info:     Parameter 096 (id=1087): [title="midiCC_87"] [unit=""] [type = F, default = 0.000000, unit = 0]
  Info:     Parameter 097 (id=1088): [title="midiCC_88"] [unit=""] [type = F, default = 0.000000, unit = 0]
  Info:     Parameter 098 (id=1089): [title="midiCC_89"] [unit=""] [type = F, default = 0.000000, unit = 0]
  Info:     Parameter 099 (id=1090): [title="midiCC_90"] [unit=""] [type = F, default = 0.000000, unit = 0]
  Info:     Parameter 100 (id=1091): [title="midiCC_91"] [unit=""] [type = F, default = 0.000000, unit = 0]
  Info:     Parameter 101 (id=1092): [title="midiCC_92"] [unit=""] [type = F, default = 0.000000, unit = 0]
  Info:     Parameter 102 (id=1093): [title="midiCC_93"] [unit=""] [type = F, default = 0.000000, unit = 0]
  Info:     Parameter 103 (id=1094): [title="midiCC_94"] [unit=""] [type = F, default = 0.000000, unit = 0]
  Info:     Parameter 104 (id=1095): [title="midiCC_95"] [unit=""] [type = F, default = 0.000000, unit = 0]
  Info:     Parameter 105 (id=1096): [title="midiCC_96"] [unit=""] [type = F, default = 0.000000, unit = 0]
  Info:     Parameter 106 (id=1097): [title="midiCC_97"] [unit=""] [type = F, default = 0.000000, unit = 0]
  Info:     Parameter 107 (id=1098): [title="midiCC_98"] [unit=""] [type = F, default = 0.000000, unit = 0]
  Info:     Parameter 108 (id=1099): [title="midiCC_99"] [unit=""] [type = F, default = 0.000000, unit = 0]
  Info:     Parameter 109 (id=1100): [title="midiCC_100"] [unit=""] [type = F, default = 0.000000, unit = 0]
  Info:     Parameter 110 (id=1101): [title="midiCC_101"] [unit=""] [type = F, default = 0.000000, unit = 0]
  Info:     Parameter 111 (id=1102): [title="midiCC_102"] [unit=""] [type = F, default = 0.000000, unit = 0]
  Info:     Parameter 112 (id=1103): [title="midiCC_103"] [unit=""] [type = F, default = 0.000000, unit = 0]
  Info:     Parameter 113 (id=1104): [title="midiCC_104"] [unit=""] [type = F, default = 0.000000, unit = 0]
  Info:     Parameter 114 (id=1105): [title="midiCC_105"] [unit=""] [type = F, default = 0.000000, unit = 0]
  Info:     Parameter 115 (id=1106): [title="midiCC_106"] [unit=""] [type = F, default = 0.000000, unit = 0]
  Info:     Parameter 116 (id=1107): [title="midiCC_107"] [unit=""] [type = F, default = 0.000000, unit = 0]
  Info:     Parameter 117 (id=1108): [title="midiCC_108"] [unit=""] [type = F, default = 0.000000, unit = 0]
  Info:     Parameter 118 (id=1109): [title="midiCC_109"] [unit=""] [type = F, default = 0.000000, unit = 0]
  Info:     Parameter 119 (id=1110): [title="midiCC_110"] [unit=""] [type = F, default = 0.000000, unit = 0]
  Info:     Parameter 120 (id=1111): [title="midiCC_111"] [unit=""] [type = F, default = 0.000000, unit = 0]
  Info:     Parameter 121 (id=1112): [title="midiCC_112"] [unit=""] [type = F, default = 0.000000, unit = 0]
  Info:     Parameter 122 (id=1113): [title="midiCC_113"] [unit=""] [type = F, default = 0.000000, unit = 0]
  Info:     Parameter 123 (id=1114): [title="midiCC_114"] [unit=""] [type = F, default = 0.000000, unit = 0]
  Info:     Parameter 124 (id=1115): [title="midiCC_115"] [unit=""] [type = F, default = 0.000000, unit = 0]
  Info:     Parameter 125 (id=1116): [title="midiCC_116"] [unit=""] [type = F, default = 0.000000, unit = 0]
  Info:     Parameter 126 (id=1117): [title="midiCC_117"] [unit=""] [type = F, default = 0.000000, unit = 0]
  Info:     Parameter 127 (id=1118): [title="midiCC_118"] [unit=""] [type = F, default = 0.000000, unit = 0]
  Info:     Parameter 128 (id=1119): [title="midiCC_119"] [unit=""] [type = F, default = 0.000000, unit = 0]
  Info:     Parameter 129 (id=1120): [title="midiCC_120"] [unit=""] [type = F, default = 0.000000, unit = 0]
  Info:     Parameter 130 (id=1121): [title="midiCC_121"] [unit=""] [type = F, default = 0.000000, unit = 0]
  Info:     Parameter 131 (id=1122): [title="midiCC_122"] [unit=""] [type = F, default = 0.000000, unit = 0]
  Info:     Parameter 132 (id=1123): [title="midiCC_123"] [unit=""] [type = F, default = 0.000000, unit = 0]
  Info:     Parameter 133 (id=1124): [title="midiCC_124"] [unit=""] [type = F, default = 0.000000, unit = 0]
  Info:     Parameter 134 (id=1125): [title="midiCC_125"] [unit=""] [type = F, default = 0.000000, unit = 0]
  Info:     Parameter 135 (id=1126): [title="midiCC_126"] [unit=""] [type = F, default = 0.000000, unit = 0]
  Info:     Parameter 136 (id=1127): [title="midiCC_127"] [unit=""] [type = F, default = 0.000000, unit = 0]
  Info:     Parameter 137 (id=1128): [title="midiAT"] [unit=""] [type = F, default = 0.000000, unit = 0]
  Info:     Parameter 138 (id=1129): [title="midiPB"] [unit=""] [type = F, default = 0.000000, unit = 0]
  Info:     Parameter 139 (id=131072): [title="Bypass"] [unit=""] [type = F, default = 0.000000, unit = 0]
  [Succeeded]
  
  [MIDI Mapping]
  Info:  ===MIDI Mapping ====================================
  [Succeeded]
  
  [MIDI Learn]
  Info:  ===MIDI Learn ====================================
  Info:  No MIDI Learn interface supplied!
  [Succeeded]
  
  [Scan Units]
  Info:  ===Scan Units ====================================
  Info:  No units found, while controller implements IUnitInfo !!!
  [Succeeded]
  
  [Scan Programs]
  Info:  ===Scan Programs ====================================
  Info:  This component does not export any programs.
  [Succeeded]
  
  [Terminate/Initialize]
  Info:  ===Terminate/Initialize ====================================
  [Succeeded]
  
  [Check Unit Structure]
  Info:  ===Check Unit Structure ====================================
  Info:  No units found, while controller implements IUnitInfo !!!
  Info:  All units have valid parent IDs.
  [Succeeded]
  
  [Valid State Transition 32bits]
  Info:  ===Valid State Transition 32bits ====================================
  [Succeeded]
  
  [Valid State Transition 64bits]
  Info:  ===Valid State Transition 64bits ====================================
  Info:  64bit Audio Processing not supported.
  [Succeeded]
  
  [Bus Consistency]
  Info:  ===Bus Consistency ====================================
  [Succeeded]
  
  [Bus Activation]
  Info:  ===Bus Activation ====================================
  Info:     Bus Activation: Input Audio Bus (0) (kMain)
  Info:     Bus Activation: Output Audio Bus (0) (kMain)
  Info:     Bus Activation: Input Event Bus (0) (kMain)
  [Succeeded]
  
  [Check Audio Bus Arrangement]
  Info:  ===Check Audio Bus Arrangement ====================================
  Info:     Check Input Audio Bus Arrangement (0)
  Info:     Check Output Audio Bus Arrangement (0)
  [Succeeded]
  
  [SideChain Arrangement]
  Info:  ===SideChain Arrangement ====================================
  [Succeeded]
  
  [Suspend/Resume]
  Info:  ===Suspend/Resume ====================================
  [Succeeded]
  
  [Note Expression]
  Info:  ===Note Expression ====================================
  Info:  No Note Expression interface supplied!
  [Succeeded]
  
  [Keyswitch]
  Info:  ===Keyswitch ====================================
  Info:  No Keyswitch interface supplied!
  [Succeeded]
  
  [ProcessContext Requirements]
  Info:  ===ProcessContext Requirements ====================================
  Info:  ProcessContextRequirements:
  Info:   - Tempo
  [Succeeded]
  
  -------------------------------------------------------------
  TestSuite : Single Precision (32 bit) Tests
  -------------------------------------------------------------
  
  [Process Test]
  [Succeeded]
  
  [Process function running in another thread]
  Info:  ===Process function running in another thread ====================================
  [Succeeded]
  
  [Silence Flags]
  Info:  ===Silence Flags ====================================
  [Succeeded]
  
  [Silence Processing]
  Info:  ===Silence Processing ====================================
  [Succeeded]
  
  [Parameters Flush (no Buffer)]
  Info:  ===Parameters Flush (no Buffer) ====================================
  [Succeeded]
  
  [Parameters Flush 2 (only numChannel==0)]
  Info:  ===Parameters Flush 2 (only numChannel==0) ====================================
  [Succeeded]
  
  [Parameters Flush 2 (no Buffer, no parameter change)]
  Info:  ===Parameters Flush 2 (no Buffer, no parameter change) ====================================
  [Succeeded]
  
  [Variable Block Size]
  Info:  ===Variable Block Size ====================================
  [Succeeded]
  
  [Process Format]
  Info:  ===Process Format ====================================
  Info:  ***Tested Sample Rates***
  Info:        22050 Hz - processed successfully!
  Info:        32000 Hz - processed successfully!
  Info:        44100 Hz - processed successfully!
  Info:        48000 Hz - processed successfully!
  Info:        88200 Hz - processed successfully!
  Info:        96000 Hz - processed successfully!
  Info:       192000 Hz - processed successfully!
  Info:       384000 Hz - processed successfully!
  Info:    1234.5678 Hz - processed successfully!
  Info:    12345.678 Hz - processed successfully!
  Info:    123456.78 Hz - processed successfully!
  Info:    1234567.8 Hz - processed successfully!
  [Succeeded]
  
  [Parameter Bypass persistence]
  Info:  ===Parameter Bypass persistence ====================================
  [Succeeded]
  
  [In: Stereo: 2 Channels, Out: Stereo: 2 Channels]
  Info:  ===In: Stereo: 2 Channels, Out: Stereo: 2 Channels ====================================
  [Succeeded]
  
  [In: Mono: 1 Channels, Out: Mono: 1 Channels]
  Info:  ===In: Mono: 1 Channels, Out: Mono: 1 Channels ====================================
  [Succeeded]
  
  [Accuracy: Block, 1 Parameters, Change every100 Samples]
  Info:  ===Accuracy: Block, 1 Parameters, Change every100 Samples ====================================
  [Succeeded]
  
  [Accuracy: Sample, 1 Parameters, Change every100 Samples]
  Info:  ===Accuracy: Sample, 1 Parameters, Change every100 Samples ====================================
  Info:     Not all points have been read via IParameterChanges
  Info:     Not all points have been read via IParameterChanges
  [Succeeded]
  
  -------------------------------------------------------------
  TestSuite : Double Precision (64 bit) Tests
  -------------------------------------------------------------
  
  [Process Test]
  Info:  64bit Audio Processing not supported.
  [Succeeded]
  
  [Process function running in another thread]
  Info:  64bit Audio Processing not supported.
  [Succeeded]
  
  [Silence Flags]
  Info:  64bit Audio Processing not supported.
  [Succeeded]
  
  [Silence Processing]
  Info:  64bit Audio Processing not supported.
  [Succeeded]
  
  [Parameters Flush (no Buffer)]
  Info:  64bit Audio Processing not supported.
  [Succeeded]
  
  [Parameters Flush 2 (only numChannel==0)]
  Info:  64bit Audio Processing not supported.
  [Succeeded]
  
  [Parameters Flush 2 (no Buffer, no parameter change)]
  Info:  64bit Audio Processing not supported.
  [Succeeded]
  
  [Variable Block Size]
  Info:  64bit Audio Processing not supported.
  [Succeeded]
  
  [Process Format]
  Info:  64bit Audio Processing not supported.
  [Succeeded]
  
  [Parameter Bypass persistence]
  Info:  64bit Audio Processing not supported.
  [Succeeded]
  
  [In: Stereo: 2 Channels, Out: Stereo: 2 Channels]
  Info:  ===In: Stereo: 2 Channels, Out: Stereo: 2 Channels ====================================
  Info:  64bit Audio Processing not supported.
  [Succeeded]
  
  [In: Mono: 1 Channels, Out: Mono: 1 Channels]
  Info:  ===In: Mono: 1 Channels, Out: Mono: 1 Channels ====================================
  Info:  64bit Audio Processing not supported.
  [Succeeded]
  
  [Accuracy: Block, 1 Parameters, Change every100 Samples]
  Info:  ===Accuracy: Block, 1 Parameters, Change every100 Samples ====================================
  Info:  64bit Audio Processing not supported.
  [Succeeded]
  
  [Accuracy: Sample, 1 Parameters, Change every100 Samples]
  Info:  ===Accuracy: Sample, 1 Parameters, Change every100 Samples ====================================
  Info:  64bit Audio Processing not supported.
  [Succeeded]
  
  -------------------------------------------------------------
  Result: 47 tests passed, 0 tests failed
  -------------------------------------------------------------
  [SMTG] Validator finished.
