c:\aspik_1.7.2\all_sdk\myprojects\diodeclip\win_build\project_source\cmake\vst_cmake\diodeclip_vst.dir\release\vc141.pdb
c:\aspik_1.7.2\all_sdk\myprojects\diodeclip\win_build\project_source\cmake\vst_cmake\diodeclip_vst.dir\release\dllmain.obj
c:\aspik_1.7.2\all_sdk\myprojects\diodeclip\win_build\project_source\cmake\vst_cmake\diodeclip_vst.dir\release\vstsinglecomponenteffect.obj
c:\aspik_1.7.2\all_sdk\myprojects\diodeclip\win_build\project_source\cmake\vst_cmake\diodeclip_vst.dir\release\customviews.obj
c:\aspik_1.7.2\all_sdk\myprojects\diodeclip\win_build\project_source\cmake\vst_cmake\diodeclip_vst.dir\release\customcontrols.obj
c:\aspik_1.7.2\all_sdk\myprojects\diodeclip\win_build\project_source\cmake\vst_cmake\diodeclip_vst.dir\release\vst3plugin.obj
c:\aspik_1.7.2\all_sdk\myprojects\diodeclip\win_build\project_source\cmake\vst_cmake\diodeclip_vst.dir\release\customparameters.obj
c:\aspik_1.7.2\all_sdk\myprojects\diodeclip\win_build\project_source\cmake\vst_cmake\diodeclip_vst.dir\release\factory.obj
c:\aspik_1.7.2\all_sdk\myprojects\diodeclip\win_build\project_source\cmake\vst_cmake\diodeclip_vst.dir\release\pluginparameter.obj
c:\aspik_1.7.2\all_sdk\myprojects\diodeclip\win_build\project_source\cmake\vst_cmake\diodeclip_vst.dir\release\plugingui.obj
c:\aspik_1.7.2\all_sdk\myprojects\diodeclip\win_build\project_source\cmake\vst_cmake\diodeclip_vst.dir\release\plugincore.obj
c:\aspik_1.7.2\all_sdk\myprojects\diodeclip\win_build\project_source\cmake\vst_cmake\diodeclip_vst.dir\release\pluginbase.obj
c:\aspik_1.7.2\all_sdk\myprojects\diodeclip\win_build\project_source\cmake\vst_cmake\diodeclip_vst.dir\release\rbj.obj
c:\aspik_1.7.2\all_sdk\myprojects\diodeclip\win_build\project_source\cmake\vst_cmake\diodeclip_vst.dir\release\polefilter.obj
c:\aspik_1.7.2\all_sdk\myprojects\diodeclip\win_build\project_source\cmake\vst_cmake\diodeclip_vst.dir\release\custom.obj
c:\aspik_1.7.2\all_sdk\myprojects\diodeclip\win_build\project_source\cmake\vst_cmake\diodeclip_vst.dir\release\chebyshevii.obj
c:\aspik_1.7.2\all_sdk\myprojects\diodeclip\win_build\project_source\cmake\vst_cmake\diodeclip_vst.dir\release\chebyshevi.obj
c:\aspik_1.7.2\all_sdk\myprojects\diodeclip\win_build\project_source\cmake\vst_cmake\diodeclip_vst.dir\release\cascade.obj
c:\aspik_1.7.2\all_sdk\myprojects\diodeclip\win_build\project_source\cmake\vst_cmake\diodeclip_vst.dir\release\butterworth.obj
c:\aspik_1.7.2\all_sdk\myprojects\diodeclip\win_build\project_source\cmake\vst_cmake\diodeclip_vst.dir\release\biquad.obj
c:\aspik_1.7.2\all_sdk\myprojects\diodeclip\win_build\project_source\cmake\vst_cmake\diodeclip_vst.dir\release\fxobjects.obj
c:\aspik_1.7.2\all_sdk\myprojects\diodeclip\win_build\project_source\cmake\vst_cmake\cmakefiles\generate.stamp
c:\aspik_1.7.2\all_sdk\myprojects\diodeclip\win_build\lib\release\diodeclip_vst.lib
c:\aspik_1.7.2\all_sdk\myprojects\diodeclip\win_build\lib\release\diodeclip_vst.exp
c:\aspik_1.7.2\all_sdk\myprojects\diodeclip\win_build\vst3\release\diodeclip_vst.vst3\contents\x86_64-win\diodeclip_vst.vst3
c:\aspik_1.7.2\all_sdk\myprojects\diodeclip\win_build\cmake\vst_cmake\win_pdb64\release\diodeclip_vst.pdb
c:\aspik_1.7.2\all_sdk\myprojects\diodeclip\win_build\project_source\cmake\vst_cmake\diodeclip_vst.dir\release\pluginguimain.res
c:\aspik_1.7.2\all_sdk\myprojects\diodeclip\win_build\project_source\cmake\vst_cmake\diodeclip_vst.dir\release\diodeclip_vst.tlog\cl.command.1.tlog
c:\aspik_1.7.2\all_sdk\myprojects\diodeclip\win_build\project_source\cmake\vst_cmake\diodeclip_vst.dir\release\diodeclip_vst.tlog\cl.read.1.tlog
c:\aspik_1.7.2\all_sdk\myprojects\diodeclip\win_build\project_source\cmake\vst_cmake\diodeclip_vst.dir\release\diodeclip_vst.tlog\cl.write.1.tlog
c:\aspik_1.7.2\all_sdk\myprojects\diodeclip\win_build\project_source\cmake\vst_cmake\diodeclip_vst.dir\release\diodeclip_vst.tlog\custombuild.command.1.tlog
c:\aspik_1.7.2\all_sdk\myprojects\diodeclip\win_build\project_source\cmake\vst_cmake\diodeclip_vst.dir\release\diodeclip_vst.tlog\custombuild.read.1.tlog
c:\aspik_1.7.2\all_sdk\myprojects\diodeclip\win_build\project_source\cmake\vst_cmake\diodeclip_vst.dir\release\diodeclip_vst.tlog\custombuild.write.1.tlog
c:\aspik_1.7.2\all_sdk\myprojects\diodeclip\win_build\project_source\cmake\vst_cmake\diodeclip_vst.dir\release\diodeclip_vst.tlog\diodeclip_vst.write.1u.tlog
c:\aspik_1.7.2\all_sdk\myprojects\diodeclip\win_build\project_source\cmake\vst_cmake\diodeclip_vst.dir\release\diodeclip_vst.tlog\link.command.1.tlog
c:\aspik_1.7.2\all_sdk\myprojects\diodeclip\win_build\project_source\cmake\vst_cmake\diodeclip_vst.dir\release\diodeclip_vst.tlog\link.read.1.tlog
c:\aspik_1.7.2\all_sdk\myprojects\diodeclip\win_build\project_source\cmake\vst_cmake\diodeclip_vst.dir\release\diodeclip_vst.tlog\link.write.1.tlog
c:\aspik_1.7.2\all_sdk\myprojects\diodeclip\win_build\project_source\cmake\vst_cmake\diodeclip_vst.dir\release\diodeclip_vst.tlog\rc.command.1.tlog
c:\aspik_1.7.2\all_sdk\myprojects\diodeclip\win_build\project_source\cmake\vst_cmake\diodeclip_vst.dir\release\diodeclip_vst.tlog\rc.read.1.tlog
c:\aspik_1.7.2\all_sdk\myprojects\diodeclip\win_build\project_source\cmake\vst_cmake\diodeclip_vst.dir\release\diodeclip_vst.tlog\rc.write.1.tlog
